Nautilus-Share-Message: Called "net usershare info" but it failed: 'net usershare' がエラー 255 を返しました: net usershare: cannot open usershare directory /var/lib/samba/usershares. Error そのようなファイルやディレクトリはありません
Please ask your system administrator to enable user sharing.

No permission to use the keyboard API for http://googleads.g.doubleclick.net
No permission to use the keyboard API for http://googleads.g.doubleclick.net
No permission to use the keyboard API for http://googleads.g.doubleclick.net
Nautilus-Share-Message: Called "net usershare info" but it failed: 'net usershare' がエラー 255 を返しました: net usershare: cannot open usershare directory /var/lib/samba/usershares. Error そのようなファイルやディレクトリはありません
Please ask your system administrator to enable user sharing.

Nautilus-Share-Message: Called "net usershare info" but it failed: 'net usershare' がエラー 255 を返しました: net usershare: cannot open usershare directory /var/lib/samba/usershares. Error そのようなファイルやディレクトリはありません
Please ask your system administrator to enable user sharing.

Nautilus-Share-Message: Called "net usershare info" but it failed: 'net usershare' がエラー 255 を返しました: net usershare: cannot open usershare directory /var/lib/samba/usershares. Error そのようなファイルやディレクトリはありません
Please ask your system administrator to enable user sharing.

Nautilus-Share-Message: Called "net usershare info" but it failed: 'net usershare' がエラー 255 を返しました: net usershare: cannot open usershare directory /var/lib/samba/usershares. Error そのようなファイルやディレクトリはありません
Please ask your system administrator to enable user sharing.

Nautilus-Share-Message: Called "net usershare info" but it failed: 'net usershare' がエラー 255 を返しました: net usershare: cannot open usershare directory /var/lib/samba/usershares. Error そのようなファイルやディレクトリはありません
Please ask your system administrator to enable user sharing.

No permission to use the keyboard API for http://googleads.g.doubleclick.net
No permission to use the keyboard API for http://googleads.g.doubleclick.net
No permission to use the keyboard API for http://googleads.g.doubleclick.net
No permission to use the keyboard API for http://googleads.g.doubleclick.net
Nautilus-Share-Message: Called "net usershare info" but it failed: 'net usershare' がエラー 255 を返しました: net usershare: cannot open usershare directory /var/lib/samba/usershares. Error そのようなファイルやディレクトリはありません
Please ask your system administrator to enable user sharing.

Nautilus-Share-Message: Called "net usershare info" but it failed: 'net usershare' がエラー 255 を返しました: net usershare: cannot open usershare directory /var/lib/samba/usershares. Error そのようなファイルやディレクトリはありません
Please ask your system administrator to enable user sharing.


(nautilus:1958): GdkPixbuf-CRITICAL **: gdk_pixbuf_loader_close: assertion 'GDK_IS_PIXBUF_LOADER (loader)' failed

(nautilus:1958): GdkPixbuf-CRITICAL **: gdk_pixbuf_loader_get_pixbuf: assertion 'GDK_IS_PIXBUF_LOADER (loader)' failed

(nautilus:1958): GLib-GObject-CRITICAL **: g_object_unref: assertion 'G_IS_OBJECT (object)' failed
Nautilus-Share-Message: Called "net usershare info" but it failed: 'net usershare' がエラー 255 を返しました: net usershare: cannot open usershare directory /var/lib/samba/usershares. Error そのようなファイルやディレクトリはありません
Please ask your system administrator to enable user sharing.

Nautilus-Share-Message: Called "net usershare info" but it failed: 'net usershare' がエラー 255 を返しました: net usershare: cannot open usershare directory /var/lib/samba/usershares. Error そのようなファイルやディレクトリはありません
Please ask your system administrator to enable user sharing.

Nautilus-Share-Message: Called "net usershare info" but it failed: 'net usershare' がエラー 255 を返しました: net usershare: cannot open usershare directory /var/lib/samba/usershares. Error そのようなファイルやディレクトリはありません
Please ask your system administrator to enable user sharing.

No permission to use the keyboard API for http://googleads.g.doubleclick.net
No permission to use the keyboard API for http://googleads.g.doubleclick.net
No permission to use the keyboard API for http://googleads.g.doubleclick.net
No permission to use the keyboard API for http://googleads.g.doubleclick.net
No permission to use the keyboard API for http://googleads.g.doubleclick.net
No permission to use the keyboard API for http://googleads.g.doubleclick.net
WARN  2014-04-14 14:56:33 unity.iconloader IconLoader.cpp:758 Unable to load icon file:/// at size -1x22: ディレクトリをオープンできません

** (gedit:8513): WARNING **: Could not load Gedit repository: Typelib file for namespace 'GtkSource', version '3.0' not found

(nautilus:1958): GLib-CRITICAL **: g_hash_table_foreach: assertion 'version == hash_table->version' failed
