2014-04-22 12:04:04,491 - ubuntuone.credentials - DEBUG - find_credentials: args (<ubuntuone.platform.credentials.CredentialsManagementTool object at 0x245f4d0>,), kwargs {}.
2014-04-22 12:04:05,213 - ubuntuone.credentials - INFO - Starting Ubuntu One login manager for bus 'com.ubuntuone.Credentials'.
2014-04-22 12:04:05,414 - ubuntuone.credentials - DEBUG - ref_count is 0, changing value to 1.
2014-04-22 12:04:10,218 - ubuntuone.credentials - DEBUG - Handling DBus signal for member: 'CredentialsNotFound', app_name: dbus.String(u'Ubuntu One').
2014-04-22 12:04:10,219 - ubuntuone.credentials - DEBUG - ref_count is 1, changing value to 0.
2014-04-22 12:04:10,219 - ubuntuone.credentials - DEBUG - Setting up timer with <function timeout_add at 0x7f5e8e02e938> (10000, <bound method CredentialsManagement.shutdown of <ubuntuone.platform.credentials.dbus_service.CredentialsManagement at /credentials at 0x1c7a690>>).
2014-04-22 12:04:10,219 - ubuntuone.credentials - INFO - CredentialsManagement: emitting CredentialsNotFound.
2014-04-22 12:04:10,220 - ubuntuone.credentials - DEBUG - cleanup: removing signal match <<class 'dbus.connection.SignalMatch'> at 2242950 "type='signal',sender='com.ubuntuone.Credentials',path='/credentials',interface='com.ubuntuone.CredentialsManagement',member='CredentialsFound'" on conn <dbus._dbus.SessionBus (session) at 0x240ab30>>
2014-04-22 12:04:10,220 - ubuntuone.credentials - DEBUG - cleanup: removing signal match <<class 'dbus.connection.SignalMatch'> at 2242ad0 "type='signal',sender='com.ubuntuone.Credentials',path='/credentials',interface='com.ubuntuone.CredentialsManagement',member='CredentialsNotFound'" on conn <dbus._dbus.SessionBus (session) at 0x240ab30>>
2014-04-22 12:04:10,220 - ubuntuone.credentials - DEBUG - cleanup: removing signal match <<class 'dbus.connection.SignalMatch'> at 2242c50 "type='signal',sender='com.ubuntuone.Credentials',path='/credentials',interface='com.ubuntuone.CredentialsManagement',member='CredentialsError'" on conn <dbus._dbus.SessionBus (session) at 0x240ab30>>
2014-04-22 12:04:20,220 - ubuntuone.credentials - DEBUG - shutdown!, ref_count is 0.
2014-04-22 12:04:20,220 - ubuntuone.credentials - INFO - Shutting down, calling <gi.FunctionInfo object (quit) at 0x0x1c78fb8>.
2014-04-23 12:00:28,702 - ubuntuone.credentials - DEBUG - find_credentials: args (<ubuntuone.platform.credentials.CredentialsManagementTool object at 0x2a224d0>,), kwargs {}.
2014-04-23 12:00:28,850 - ubuntuone.credentials - INFO - Starting Ubuntu One login manager for bus 'com.ubuntuone.Credentials'.
2014-04-23 12:00:28,852 - ubuntuone.credentials - DEBUG - ref_count is 0, changing value to 1.
2014-04-23 12:00:29,382 - ubuntuone.credentials - DEBUG - Handling DBus signal for member: 'CredentialsNotFound', app_name: dbus.String(u'Ubuntu One').
2014-04-23 12:00:29,383 - ubuntuone.credentials - DEBUG - ref_count is 1, changing value to 0.
2014-04-23 12:00:29,383 - ubuntuone.credentials - DEBUG - Setting up timer with <function timeout_add at 0x7f84ffd7e938> (10000, <bound method CredentialsManagement.shutdown of <ubuntuone.platform.credentials.dbus_service.CredentialsManagement at /credentials at 0x1fb5690>>).
2014-04-23 12:00:29,383 - ubuntuone.credentials - INFO - CredentialsManagement: emitting CredentialsNotFound.
2014-04-23 12:00:29,384 - ubuntuone.credentials - DEBUG - cleanup: removing signal match <<class 'dbus.connection.SignalMatch'> at 2805950 "type='signal',sender='com.ubuntuone.Credentials',path='/credentials',interface='com.ubuntuone.CredentialsManagement',member='CredentialsFound'" on conn <dbus._dbus.SessionBus (session) at 0x29ceb30>>
2014-04-23 12:00:29,384 - ubuntuone.credentials - DEBUG - cleanup: removing signal match <<class 'dbus.connection.SignalMatch'> at 2805ad0 "type='signal',sender='com.ubuntuone.Credentials',path='/credentials',interface='com.ubuntuone.CredentialsManagement',member='CredentialsNotFound'" on conn <dbus._dbus.SessionBus (session) at 0x29ceb30>>
2014-04-23 12:00:29,384 - ubuntuone.credentials - DEBUG - cleanup: removing signal match <<class 'dbus.connection.SignalMatch'> at 2805c50 "type='signal',sender='com.ubuntuone.Credentials',path='/credentials',interface='com.ubuntuone.CredentialsManagement',member='CredentialsError'" on conn <dbus._dbus.SessionBus (session) at 0x29ceb30>>
2014-04-23 12:00:39,393 - ubuntuone.credentials - DEBUG - shutdown!, ref_count is 0.
2014-04-23 12:00:39,394 - ubuntuone.credentials - INFO - Shutting down, calling <gi.FunctionInfo object (quit) at 0x0x1fb3fb8>.
